<?xml version="1.0" encoding="UTF-8"?>
<!-- Generated by org.testng.reporters.JUnitXMLReporter -->
<testsuite ignored="1" hostname="LAPTOP-TG80PJEM" failures="0" tests="1" name="Default test" time="14.72" errors="0" timestamp="2024-06-24T12:03:11 IST">
  <testcase classname="com.testclasses.LoginPageTest" name="loginPageTest" time="1.03"/>
  <testcase classname="com.testclasses.LoginPageTest" name="pageUrl" time="0.0">
    <ignored/>
  </testcase> <!-- pageUrl -->
</testsuite> <!-- Default test -->
