<?xml version="1.0" encoding="UTF-8"?>
<testng-results ignored="0" total="1" passed="1" failed="0" skipped="0">
  <reporter-output>
  </reporter-output>
  <suite started-at="2024-06-24T12:02:56 IST" name="Default suite" finished-at="2024-06-24T12:03:11 IST" duration-ms="14720">
    <groups>
    </groups>
    <test started-at="2024-06-24T12:02:56 IST" name="Default test" finished-at="2024-06-24T12:03:11 IST" duration-ms="14720">
      <class name="com.testclasses.LoginPageTest">
        <test-method is-config="true" signature="setup()[pri:0, instance:com.testclasses.LoginPageTest@662ac478]" started-at="2024-06-24T12:02:56 IST" name="setup" finished-at="2024-06-24T12:03:09 IST" duration-ms="13653" status="PASS">
          <reporter-output>
          </reporter-output>
        </test-method> <!-- setup -->
        <test-method signature="loginPageTest()[pri:0, instance:com.testclasses.LoginPageTest@662ac478]" started-at="2024-06-24T12:03:09 IST" name="loginPageTest" finished-at="2024-06-24T12:03:10 IST" duration-ms="1030" status="PASS">
          <reporter-output>
          </reporter-output>
        </test-method> <!-- loginPageTest -->
        <test-method is-config="true" signature="teardown()[pri:0, instance:com.testclasses.LoginPageTest@662ac478]" started-at="2024-06-24T12:03:10 IST" name="teardown" finished-at="2024-06-24T12:03:11 IST" duration-ms="2" status="PASS">
          <reporter-output>
          </reporter-output>
        </test-method> <!-- teardown -->
      </class> <!-- com.testclasses.LoginPageTest -->
    </test> <!-- Default test -->
  </suite> <!-- Default suite -->
</testng-results>
